<?xml version="1.0" encoding="UTF-8"?>
<testsuite xmlns:xsi="http://www.w3.org/2001/XMLSchema-instance" xsi:noNamespaceSchemaLocation="https://maven.apache.org/surefire/maven-surefire-plugin/xsd/surefire-test-report-3.0.xsd" version="3.0" name="com.SobakaMaMaZoSteR.demo.HackathonProjectApplicationTests" time="4.244" tests="1" errors="0" skipped="0" failures="0">
  <properties>
[...]
</properties>
  <testcase name="contextLoads" classname="com.SobakaMaMaZoSteR.demo.HackathonProjectApplicationTests" time="0.767">
    <system-out><![CDATA[00:25:19.770 [main] INFO org.springframework.test.context.support.AnnotationConfigContextLoaderUtils -- Could not detect default configuration classes for test class [com.SobakaMaMaZoSteR.demo.HackathonProjectApplicationTests]: HackathonProjectApplicationTests does not declare any static, non-private, non-final, nested classes annotated with @Configuration.
00:25:19.866 [main] INFO org.springframework.boot.test.context.SpringBootTestContextBootstrapper -- Found @SpringBootConfiguration com.SobakaMaMaZoSteR.demo.HackathonProjectApplication for test class com.SobakaMaMaZoSteR.demo.HackathonProjectApplicationTests

  .   ____          _            __ _ _
 /\\ / ___'_ __ _ _(_)_ __  __ _ \ \ \ \
( ( )\___ | '_ | '_| | '_ \/ _` | \ \ \ \
 \\/  ___)| |_)| | | | | || (_| |  ) ) ) )
  '  |____| .__|_| |_|_| |_\__, | / / / /
 =========|_|==============|___/=/_/_/_/
 :: Spring Boot ::                (v3.2.5)

2024-04-29T00:25:20.288+03:00  INFO 21664 --- [HackathonProject] [           main] c.S.d.HackathonProjectApplicationTests   : Starting HackathonProjectApplicationTests using Java 20.0.2 with PID 21664 (started by Omen in E:\Hackathon\server\demo)
2024-04-29T00:25:20.289+03:00  INFO 21664 --- [HackathonProject] [           main] c.S.d.HackathonProjectApplicationTests   : No active profile set, falling back to 1 default profile: "default"
2024-04-29T00:25:21.050+03:00  INFO 21664 --- [HackathonProject] [           main] .s.d.r.c.RepositoryConfigurationDelegate : Bootstrapping Spring Data MongoDB repositories in DEFAULT mode.
2024-04-29T00:25:21.123+03:00  INFO 21664 --- [HackathonProject] [           main] .s.d.r.c.RepositoryConfigurationDelegate : Finished Spring Data repository scanning in 67 ms. Found 4 MongoDB repository interfaces.
2024-04-29T00:25:21.709+03:00  INFO 21664 --- [HackathonProject] [yyw.mongodb.net] org.mongodb.driver.cluster               : Adding discovered server ac-viumgux-shard-00-00.nouhyyw.mongodb.net:27017 to client view of cluster
2024-04-29T00:25:21.710+03:00  INFO 21664 --- [HackathonProject] [           main] org.mongodb.driver.client                : MongoClient with metadata {"application": {"name": "HackathonClaster"}, "driver": {"name": "mongo-java-driver|sync|spring-boot", "version": "4.11.2"}, "os": {"type": "Windows", "name": "Windows 10", "architecture": "amd64", "version": "10.0"}, "platform": "Java/Oracle Corporation/20.0.2+9-78"} created with settings MongoClientSettings{readPreference=primary, writeConcern=WriteConcern{w=majority, wTimeout=null ms, journal=null}, retryWrites=true, retryReads=true, readConcern=ReadConcern{level=null}, credential=MongoCredential{mechanism=null, userName='root', source='admin', password=<hidden>, mechanismProperties=<hidden>}, transportSettings=null, streamFactoryFactory=null, commandListeners=[], codecRegistry=ProvidersCodecRegistry{codecProviders=[ValueCodecProvider{}, BsonValueCodecProvider{}, DBRefCodecProvider{}, DBObjectCodecProvider{}, DocumentCodecProvider{}, CollectionCodecProvider{}, IterableCodecProvider{}, MapCodecProvider{}, GeoJsonCodecProvider{}, GridFSFileCodecProvider{}, Jsr310CodecProvider{}, JsonObjectCodecProvider{}, BsonCodecProvider{}, EnumCodecProvider{}, com.mongodb.client.model.mql.ExpressionCodecProvider@474179fa, com.mongodb.Jep395RecordCodecProvider@420cd102, com.mongodb.KotlinCodecProvider@c7f4457]}, loggerSettings=LoggerSettings{maxDocumentLength=1000}, clusterSettings={hosts=[127.0.0.1:27017], srvHost=hackathonclaster.nouhyyw.mongodb.net, srvServiceName=mongodb, mode=MULTIPLE, requiredClusterType=REPLICA_SET, requiredReplicaSetName='atlas-9hljd8-shard-0', serverSelector='null', clusterListeners='[]', serverSelectionTimeout='30000 ms', localThreshold='15 ms'}, socketSettings=SocketSettings{connectTimeoutMS=10000, readTimeoutMS=0, receiveBufferSize=0, proxySettings=ProxySettings{host=null, port=null, username=null, password=null}}, heartbeatSocketSettings=SocketSettings{connectTimeoutMS=10000, readTimeoutMS=10000, receiveBufferSize=0, proxySettings=ProxySettings{host=null, port=null, username=null, password=null}}, connectionPoolSettings=ConnectionPoolSettings{maxSize=100, minSize=0, maxWaitTimeMS=120000, maxConnectionLifeTimeMS=0, maxConnectionIdleTimeMS=0, maintenanceInitialDelayMS=0, maintenanceFrequencyMS=60000, connectionPoolListeners=[], maxConnecting=2}, serverSettings=ServerSettings{heartbeatFrequencyMS=10000, minHeartbeatFrequencyMS=500, serverListeners='[]', serverMonitorListeners='[]'}, sslSettings=SslSettings{enabled=true, invalidHostNameAllowed=false, context=null}, applicationName='HackathonClaster', compressorList=[], uuidRepresentation=JAVA_LEGACY, serverApi=null, autoEncryptionSettings=null, dnsClient=null, inetAddressResolver=null, contextProvider=null}
2024-04-29T00:25:21.751+03:00  INFO 21664 --- [HackathonProject] [yyw.mongodb.net] org.mongodb.driver.cluster               : Adding discovered server ac-viumgux-shard-00-01.nouhyyw.mongodb.net:27017 to client view of cluster
2024-04-29T00:25:21.755+03:00  INFO 21664 --- [HackathonProject] [yyw.mongodb.net] org.mongodb.driver.cluster               : Adding discovered server ac-viumgux-shard-00-02.nouhyyw.mongodb.net:27017 to client view of cluster
2024-04-29T00:25:22.388+03:00  INFO 21664 --- [HackathonProject] [ngodb.net:27017] org.mongodb.driver.cluster               : Monitor thread successfully connected to server with description ServerDescription{address=ac-viumgux-shard-00-01.nouhyyw.mongodb.net:27017, type=REPLICA_SET_PRIMARY, state=CONNECTED, ok=true, minWireVersion=0, maxWireVersion=21, maxDocumentSize=16777216, logicalSessionTimeoutMinutes=30, roundTripTimeNanos=344698600, setName='atlas-9hljd8-shard-0', canonicalAddress=ac-viumgux-shard-00-01.nouhyyw.mongodb.net:27017, hosts=[ac-viumgux-shard-00-00.nouhyyw.mongodb.net:27017, ac-viumgux-shard-00-02.nouhyyw.mongodb.net:27017, ac-viumgux-shard-00-01.nouhyyw.mongodb.net:27017], passives=[], arbiters=[], primary='ac-viumgux-shard-00-01.nouhyyw.mongodb.net:27017', tagSet=TagSet{[Tag{name='availabilityZone', value='eun1-az2'}, Tag{name='diskState', value='READY'}, Tag{name='nodeType', value='ELECTABLE'}, Tag{name='provider', value='AWS'}, Tag{name='region', value='EU_NORTH_1'}, Tag{name='workloadType', value='OPERATIONAL'}]}, electionId=7fffffff00000000000000ab, setVersion=4, topologyVersion=TopologyVersion{processId=66213a21675699c2ea3fa064, counter=6}, lastWriteDate=Mon Apr 29 00:25:23 EEST 2024, lastUpdateTimeNanos=43216289825600}
2024-04-29T00:25:22.388+03:00  INFO 21664 --- [HackathonProject] [ngodb.net:27017] org.mongodb.driver.cluster               : Monitor thread successfully connected to server with description ServerDescription{address=ac-viumgux-shard-00-02.nouhyyw.mongodb.net:27017, type=REPLICA_SET_SECONDARY, state=CONNECTED, ok=true, minWireVersion=0, maxWireVersion=21, maxDocumentSize=16777216, logicalSessionTimeoutMinutes=30, roundTripTimeNanos=342776100, setName='atlas-9hljd8-shard-0', canonicalAddress=ac-viumgux-shard-00-02.nouhyyw.mongodb.net:27017, hosts=[ac-viumgux-shard-00-00.nouhyyw.mongodb.net:27017, ac-viumgux-shard-00-02.nouhyyw.mongodb.net:27017, ac-viumgux-shard-00-01.nouhyyw.mongodb.net:27017], passives=[], arbiters=[], primary='ac-viumgux-shard-00-01.nouhyyw.mongodb.net:27017', tagSet=TagSet{[Tag{name='availabilityZone', value='eun1-az3'}, Tag{name='diskState', value='READY'}, Tag{name='nodeType', value='ELECTABLE'}, Tag{name='provider', value='AWS'}, Tag{name='region', value='EU_NORTH_1'}, Tag{name='workloadType', value='OPERATIONAL'}]}, electionId=null, setVersion=4, topologyVersion=TopologyVersion{processId=66213c9cbc6de60565c0001e, counter=3}, lastWriteDate=Mon Apr 29 00:25:23 EEST 2024, lastUpdateTimeNanos=43216289572000}
2024-04-29T00:25:22.388+03:00  INFO 21664 --- [HackathonProject] [ngodb.net:27017] org.mongodb.driver.cluster               : Monitor thread successfully connected to server with description ServerDescription{address=ac-viumgux-shard-00-00.nouhyyw.mongodb.net:27017, type=REPLICA_SET_SECONDARY, state=CONNECTED, ok=true, minWireVersion=0, maxWireVersion=21, maxDocumentSize=16777216, logicalSessionTimeoutMinutes=30, roundTripTimeNanos=344052700, setName='atlas-9hljd8-shard-0', canonicalAddress=ac-viumgux-shard-00-00.nouhyyw.mongodb.net:27017, hosts=[ac-viumgux-shard-00-00.nouhyyw.mongodb.net:27017, ac-viumgux-shard-00-02.nouhyyw.mongodb.net:27017, ac-viumgux-shard-00-01.nouhyyw.mongodb.net:27017], passives=[], arbiters=[], primary='ac-viumgux-shard-00-01.nouhyyw.mongodb.net:27017', tagSet=TagSet{[Tag{name='availabilityZone', value='eun1-az1'}, Tag{name='diskState', value='READY'}, Tag{name='nodeType', value='ELECTABLE'}, Tag{name='provider', value='AWS'}, Tag{name='region', value='EU_NORTH_1'}, Tag{name='workloadType', value='OPERATIONAL'}]}, electionId=null, setVersion=4, topologyVersion=TopologyVersion{processId=662138102fc79821af2827b1, counter=4}, lastWriteDate=Mon Apr 29 00:25:23 EEST 2024, lastUpdateTimeNanos=43216288465500}
2024-04-29T00:25:22.394+03:00  INFO 21664 --- [HackathonProject] [ngodb.net:27017] org.mongodb.driver.cluster               : Discovered replica set primary ac-viumgux-shard-00-01.nouhyyw.mongodb.net:27017 with max election id 7fffffff00000000000000ab and max set version 4
2024-04-29T00:25:22.722+03:00  INFO 21664 --- [HackathonProject] [           main] o.s.s.web.DefaultSecurityFilterChain     : Will secure any request with [org.springframework.security.web.session.DisableEncodeUrlFilter@5f409872, org.springframework.security.web.context.request.async.WebAsyncManagerIntegrationFilter@547aaa32, org.springframework.security.web.context.SecurityContextHolderFilter@2ba024cb, org.springframework.security.web.header.HeaderWriterFilter@1934339, org.springframework.web.filter.CorsFilter@472c9f88, org.springframework.security.web.authentication.logout.LogoutFilter@6e068ac9, com.SobakaMaMaZoSteR.demo.logic.config.JwtAuthenticationFilter@37a67cf, org.springframework.security.web.savedrequest.RequestCacheAwareFilter@1c7f6e96, org.springframework.security.web.servletapi.SecurityContextHolderAwareRequestFilter@30ec211a, org.springframework.security.web.authentication.AnonymousAuthenticationFilter@5822ecda, org.springframework.security.web.session.SessionManagementFilter@d0b814d, org.springframework.security.web.access.ExceptionTranslationFilter@6987a133, org.springframework.security.web.access.intercept.FilterSecurityInterceptor@46b5f061]
2024-04-29T00:25:22.963+03:00  WARN 21664 --- [HackathonProject] [           main] ion$DefaultTemplateResolverConfiguration : Cannot find template location: classpath:/templates/ (please add some templates, check your Thymeleaf configuration, or set spring.thymeleaf.check-template-location=false)
2024-04-29T00:25:23.041+03:00  INFO 21664 --- [HackathonProject] [           main] c.S.d.HackathonProjectApplicationTests   : Started HackathonProjectApplicationTests in 3.029 seconds (process running for 3.979)
]]></system-out>
  </testcase>
</testsuite>